       -0.295226       -0.645351       -0.805715
        0.354079         1.60106         1.69664
        -1.35219        0.179457          1.4534
         1.35689         1.42703       -0.974832
        0.301956       -0.715702       -0.128309
         -1.2489         1.62566       -0.414585
       -0.869049        0.265927       -0.670262
        -1.11545       0.0126406        0.286207
       -0.109356       -0.897226        -1.97227
        0.225044        0.143635        0.324778
         1.71558         0.43138        0.256931
        -0.74386       -0.483952       -0.014801
        0.961493        -1.66675        0.747929
        0.368566         1.44233         2.17377
        -1.12508       -0.209209      -0.0961799
       -0.741264        -1.38135      -0.0029747
        0.174661        -2.61278        0.980513
       -0.988852        0.899776       -0.563893
       -0.208448        -1.42287         1.38942
       -0.914806         2.11697       -0.623607
         2.80891          2.7742       -0.434737
         0.68474        -1.13266       -0.880194
       -0.188135       -0.483402        -2.72439
       -0.228482        0.893482        -1.21087
        0.187872         1.05888        0.740506
       -0.819448        0.878188        -1.65483
         -1.0713        0.467169        0.172246
        0.156365       -0.207413        -1.58627
         0.85903        0.670215        0.533255
         1.67268       -0.700376        0.515547
       -0.046516       -0.358192        0.233085
       -0.524164        0.484287       -0.237967
         -0.8286        0.466459         1.45253
        0.893263         1.65815         1.03507
       -0.496011        0.386938        0.096587
        0.723447        0.642719        0.203268
         1.02252       -0.528512        -1.17568
        -1.84445        -2.41431       -0.933836
        -1.66929         1.31859        0.474779
        0.945749        -2.39633       -0.355509
         1.92128         1.25591       -0.560493
       -0.721141        -0.76986        0.472535
        0.358434       -0.147766        0.847827
        -2.16295       -0.384507        0.917654
        0.255876        -1.18367        -1.48537
       -0.159414        0.474237       -0.172292
       -0.433579        -0.53433        -1.76518
        -0.57868        0.861552         1.44274
        0.248261        0.464267       0.0159511
         1.24298        -1.35438        -1.71815
        -1.32275         1.09967        0.807418
        0.332653       -0.144109        0.658679
       -0.980614         1.57954        -1.64488
       -0.704295        -0.12548         0.32412
        0.285205        -1.58651       -0.408216
         -0.8089         1.00401        -2.13105
       -0.413587       -0.472433         1.52069
        0.248336         1.14305        0.257394
       -0.366482          -1.123       -0.387253
         1.10341       -0.694901         1.38119
          1.1002       -0.200405        0.411636
        0.172794       -0.870786        0.353339
       -0.269948         -0.2543        0.325229
         1.83094        0.582904        0.235585
        -1.47908        0.837537        0.475939
         2.11779       -0.178672      -0.0713739
        -1.87455        -1.09022      -0.0814566
        0.780706       0.0239038         2.08284
        0.227896          0.5254       -0.419472
         -1.7609        -1.21168       -0.421501
       -0.201717        0.535457       -0.729045
         2.08103        0.167693       -0.821377
        -1.28002         0.39254       -0.923714
       -0.183392       -0.295247        -1.20972
        -0.85653        0.364072        0.808179
        0.018916        -1.27875        0.830315
         2.18355        0.932815         1.16272
        0.663507         1.99547        -1.22422
       -0.523156         1.38232        0.904501
         1.69859       0.0369002         1.95172
        -0.16897        -1.53217       -0.404818
         1.19411        0.161169        0.614877
        0.752161        -2.28518        0.611229
        -1.01678       -0.496886        0.667648
       -0.516027       -0.855261         1.46786
       -0.558879        0.477459      0.00151396
        -2.01248        0.759604       -0.306672
        0.449611       -0.169105         0.17335
         1.52929       0.0804853      -0.0734582
        0.839016        0.430364        -1.06946
         1.25681         1.07407       -0.756615
         1.89722       -0.578844       -0.257107
        -1.24647         1.93463        0.768253
        0.877083        0.266696        0.261515
       -0.614505      -0.0623656      0.00145399
        0.838716        -2.61373      -0.0662001
       -0.877511        -1.02095        -1.32391
         1.35632        0.733959        0.163123
       -0.437412       -0.203081       -0.375541
        0.657098         0.58913        -1.06643
       -0.746341        -1.31088       -0.739827
       -0.275198        0.424848       -0.410622
        -1.80547       -0.881083       -0.407042
      -0.0320502       -0.652834        0.366012
        -1.79748       -0.511654        0.317757
       -0.339224       -0.196861         1.21928
         1.00074        0.829269         1.25914
       0.0219862        0.262181       0.0464958
